
< 16-08-06 10:23:52 >==============================================
Device is Inserted On Driver : [Hub3 Port1] [VER:0, SN:7&15da381c&0#{53]
   Begin the USB Task...
   Step 1 disable...
   Begin Step 2... Action: Write, Chip: RAM, Address: 0xF8002000, File: C:\Users\Administrator\Desktop\program\JH3312_v001_writer\writer\USBMassProductionTool/code/gp15b_ispbin.bin
   Step 2 - Start Time : 2016/08/06 AM 10:23:59:942
   Step 2 - End Time : 2016/08/06 AM 10:23:59:950
   Step 2 ok! Spent Time: 0.15s
   Begin Step 3... Action: Jump to Function, Chip: RAM, Address: 0xF8002000
   Step 3 - Start Time : 2016/08/06 AM 10:23:59:950
   Step 3 - End Time : 2016/08/06 AM 10:23:59:951
   Step 3 ok! Spent Time: 0.0s
   Begin Step 4... Action: Erase, Chip: SPI Nor Flash, Address: 0x0000, Length: 40
   Step 4 - Start Time : 2016/08/06 AM 10:23:59:951
   Step 4 - End Time : 2016/08/06 AM 10:24:05:722
   Step 4 ok! Spent Time: 5.772s
   Begin Step 5... Action: Write, Chip: SPI Nor Flash, Address: 0x0000, File: C:\Users\Administrator\Desktop\program/gpcv1248_spifc_pack_/cb_result.bin
   Step 5 - Start Time : 2016/08/06 AM 10:24:05:722
   Step 5 - End Time : 2016/08/06 AM 10:24:19:24
   Step 5 ok! Spent Time: 13.292s
   USB Task Finished! Spent Time: 19.79s
   Device is Pullouted.

< 16-08-06 10:38:54 >==============================================
Device is Inserted On Driver : [Hub3 Port1] [VER:0, SN:7&15da381c&0#{53]
   Device is Pullouted.

< 16-08-06 10:38:54 >==============================================
Device is Inserted On Driver : [Hub3 Port1] [VER:0, SN:7&15da381c&0#{53]
   Begin the USB Task...
   Step 1 disable...
   Begin Step 2... Action: Write, Chip: RAM, Address: 0xF8002000, File: C:\Users\Administrator\Desktop\program\JH3312_v001_writer\writer\USBMassProductionTool/code/gp15b_ispbin.bin
   Step 2 - Start Time : 2016/08/06 AM 10:38:56:12
   Step 2 - End Time : 2016/08/06 AM 10:38:56:27
   Step 2 ok! Spent Time: 0.16s
   Begin Step 3... Action: Jump to Function, Chip: RAM, Address: 0xF8002000
   Step 3 - Start Time : 2016/08/06 AM 10:38:56:27
   Step 3 - End Time : 2016/08/06 AM 10:38:56:27
   Step 3 ok! Spent Time: 0.0s
   Begin Step 4... Action: Erase, Chip: SPI Nor Flash, Address: 0x0000, Length: 40
   Step 4 - Start Time : 2016/08/06 AM 10:38:56:27
   Step 4 - End Time : 2016/08/06 AM 10:39:01:768
   Step 4 ok! Spent Time: 5.741s
   Begin Step 5... Action: Write, Chip: SPI Nor Flash, Address: 0x0000, File: C:\Users\Administrator\Desktop\program/gpcv1248_spifc_pack_/cb_result.bin
   Step 5 - Start Time : 2016/08/06 AM 10:39:01:768
   Step 5 - End Time : 2016/08/06 AM 10:39:15:137
   Step 5 ok! Spent Time: 13.369s
   USB Task Finished! Spent Time: 19.126s
   Device is Pullouted.

< 16-08-06 10:50:00 >==============================================
Device is Inserted On Driver : [Hub3 Port1] [VER:0, SN:7&15da381c&0#{53]
   Begin the USB Task...
   Step 1 disable...
   Begin Step 2... Action: Write, Chip: RAM, Address: 0xF8002000, File: C:\Users\Administrator\Desktop\program\JH3312_v001_writer\writer\USBMassProductionTool/code/gp15b_ispbin.bin
   Step 2 - Start Time : 2016/08/06 AM 10:50:02:657
   Step 2 - End Time : 2016/08/06 AM 10:50:02:673
   Step 2 ok! Spent Time: 0.16s
   Begin Step 3... Action: Jump to Function, Chip: RAM, Address: 0xF8002000
   Step 3 - Start Time : 2016/08/06 AM 10:50:02:673
   Step 3 - End Time : 2016/08/06 AM 10:50:02:673
   Step 3 ok! Spent Time: 0.0s
   Begin Step 4... Action: Erase, Chip: SPI Nor Flash, Address: 0x0000, Length: 40
   Step 4 - Start Time : 2016/08/06 AM 10:50:02:673
   Step 4 - End Time : 2016/08/06 AM 10:50:08:414
   Step 4 ok! Spent Time: 5.740s
   Begin Step 5... Action: Write, Chip: SPI Nor Flash, Address: 0x0000, File: C:\Users\Administrator\Desktop\program/gpcv1248_spifc_pack_/cb_result.bin
   Step 5 - Start Time : 2016/08/06 AM 10:50:08:414
   Step 5 - End Time : 2016/08/06 AM 10:50:21:767
   Step 5 ok! Spent Time: 13.354s
   USB Task Finished! Spent Time: 19.110s
   Device is Pullouted.
